<?xml version="1.0" encoding="UTF-8"?>
<testsuite xmlns:xsi="http://www.w3.org/2001/XMLSchema-instance" xsi:noNamespaceSchemaLocation="https://maven.apache.org/surefire/maven-surefire-plugin/xsd/surefire-test-report.xsd" version="3.0.2" name="com.sesap.cadastrodecurriculos.CadastroDeCurriculosApplicationTests" time="46.849" tests="11" errors="0" skipped="0" failures="0">
  <properties>
    <property name="java.specification.version" value="22"/>
    <property name="sun.jnu.encoding" value="UTF-8"/>
    <property name="java.class.path" value="/home/matheus/Documentos/Java/Sesap/Cadastro-Curriculo/backend/target/test-classes:/home/matheus/Documentos/Java/Sesap/Cadastro-Curriculo/backend/target/classes:/home/matheus/.m2/repository/org/springframework/boot/spring-boot-starter-data-jpa/3.4.1/spring-boot-starter-data-jpa-3.4.1.jar:/home/matheus/.m2/repository/org/springframework/boot/spring-boot-starter/3.4.1/spring-boot-starter-3.4.1.jar:/home/matheus/.m2/repository/org/springframework/boot/spring-boot/3.4.1/spring-boot-3.4.1.jar:/home/matheus/.m2/repository/org/springframework/boot/spring-boot-autoconfigure/3.4.1/spring-boot-autoconfigure-3.4.1.jar:/home/matheus/.m2/repository/org/springframework/boot/spring-boot-starter-logging/3.4.1/spring-boot-starter-logging-3.4.1.jar:/home/matheus/.m2/repository/ch/qos/logback/logback-classic/1.5.12/logback-classic-1.5.12.jar:/home/matheus/.m2/repository/ch/qos/logback/logback-core/1.5.12/logback-core-1.5.12.jar:/home/matheus/.m2/repository/org/apache/logging/log4j/log4j-to-slf4j/2.24.3/log4j-to-slf4j-2.24.3.jar:/home/matheus/.m2/repository/org/apache/logging/log4j/log4j-api/2.24.3/log4j-api-2.24.3.jar:/home/matheus/.m2/repository/org/slf4j/jul-to-slf4j/2.0.16/jul-to-slf4j-2.0.16.jar:/home/matheus/.m2/repository/jakarta/annotation/jakarta.annotation-api/2.1.1/jakarta.annotation-api-2.1.1.jar:/home/matheus/.m2/repository/org/yaml/snakeyaml/2.3/snakeyaml-2.3.jar:/home/matheus/.m2/repository/org/springframework/boot/spring-boot-starter-jdbc/3.4.1/spring-boot-starter-jdbc-3.4.1.jar:/home/matheus/.m2/repository/com/zaxxer/HikariCP/5.1.0/HikariCP-5.1.0.jar:/home/matheus/.m2/repository/org/springframework/spring-jdbc/6.2.1/spring-jdbc-6.2.1.jar:/home/matheus/.m2/repository/org/hibernate/orm/hibernate-core/6.6.4.Final/hibernate-core-6.6.4.Final.jar:/home/matheus/.m2/repository/jakarta/persistence/jakarta.persistence-api/3.1.0/jakarta.persistence-api-3.1.0.jar:/home/matheus/.m2/repository/jakarta/transaction/jakarta.transaction-api/2.0.1/jakarta.transaction-api-2.0.1.jar:/home/matheus/.m2/repository/org/jboss/logging/jboss-logging/3.6.1.Final/jboss-logging-3.6.1.Final.jar:/home/matheus/.m2/repository/org/hibernate/common/hibernate-commons-annotations/7.0.3.Final/hibernate-commons-annotations-7.0.3.Final.jar:/home/matheus/.m2/repository/io/smallrye/jandex/3.2.0/jandex-3.2.0.jar:/home/matheus/.m2/repository/com/fasterxml/classmate/1.7.0/classmate-1.7.0.jar:/home/matheus/.m2/repository/net/bytebuddy/byte-buddy/1.15.11/byte-buddy-1.15.11.jar:/home/matheus/.m2/repository/org/glassfish/jaxb/jaxb-runtime/4.0.5/jaxb-runtime-4.0.5.jar:/home/matheus/.m2/repository/org/glassfish/jaxb/jaxb-core/4.0.5/jaxb-core-4.0.5.jar:/home/matheus/.m2/repository/org/glassfish/jaxb/txw2/4.0.5/txw2-4.0.5.jar:/home/matheus/.m2/repository/com/sun/istack/istack-commons-runtime/4.1.2/istack-commons-runtime-4.1.2.jar:/home/matheus/.m2/repository/jakarta/inject/jakarta.inject-api/2.0.1/jakarta.inject-api-2.0.1.jar:/home/matheus/.m2/repository/org/antlr/antlr4-runtime/4.13.0/antlr4-runtime-4.13.0.jar:/home/matheus/.m2/repository/org/springframework/data/spring-data-jpa/3.4.1/spring-data-jpa-3.4.1.jar:/home/matheus/.m2/repository/org/springframework/data/spring-data-commons/3.4.1/spring-data-commons-3.4.1.jar:/home/matheus/.m2/repository/org/springframework/spring-orm/6.2.1/spring-orm-6.2.1.jar:/home/matheus/.m2/repository/org/springframework/spring-context/6.2.1/spring-context-6.2.1.jar:/home/matheus/.m2/repository/org/springframework/spring-aop/6.2.1/spring-aop-6.2.1.jar:/home/matheus/.m2/repository/org/springframework/spring-tx/6.2.1/spring-tx-6.2.1.jar:/home/matheus/.m2/repository/org/springframework/spring-beans/6.2.1/spring-beans-6.2.1.jar:/home/matheus/.m2/repository/org/slf4j/slf4j-api/2.0.16/slf4j-api-2.0.16.jar:/home/matheus/.m2/repository/org/springframework/spring-aspects/6.2.1/spring-aspects-6.2.1.jar:/home/matheus/.m2/repository/org/aspectj/aspectjweaver/1.9.22.1/aspectjweaver-1.9.22.1.jar:/home/matheus/.m2/repository/org/springframework/boot/spring-boot-starter-mail/3.4.1/spring-boot-starter-mail-3.4.1.jar:/home/matheus/.m2/repository/org/springframework/spring-context-support/6.2.1/spring-context-support-6.2.1.jar:/home/matheus/.m2/repository/org/eclipse/angus/jakarta.mail/2.0.3/jakarta.mail-2.0.3.jar:/home/matheus/.m2/repository/jakarta/activation/jakarta.activation-api/2.1.3/jakarta.activation-api-2.1.3.jar:/home/matheus/.m2/repository/org/eclipse/angus/angus-activation/2.0.2/angus-activation-2.0.2.jar:/home/matheus/.m2/repository/org/springframework/boot/spring-boot-starter-validation/3.4.1/spring-boot-starter-validation-3.4.1.jar:/home/matheus/.m2/repository/org/apache/tomcat/embed/tomcat-embed-el/10.1.34/tomcat-embed-el-10.1.34.jar:/home/matheus/.m2/repository/org/hibernate/validator/hibernate-validator/8.0.2.Final/hibernate-validator-8.0.2.Final.jar:/home/matheus/.m2/repository/jakarta/validation/jakarta.validation-api/3.0.2/jakarta.validation-api-3.0.2.jar:/home/matheus/.m2/repository/org/springframework/boot/spring-boot-starter-web/3.4.1/spring-boot-starter-web-3.4.1.jar:/home/matheus/.m2/repository/org/springframework/boot/spring-boot-starter-json/3.4.1/spring-boot-starter-json-3.4.1.jar:/home/matheus/.m2/repository/com/fasterxml/jackson/core/jackson-databind/2.18.2/jackson-databind-2.18.2.jar:/home/matheus/.m2/repository/com/fasterxml/jackson/core/jackson-annotations/2.18.2/jackson-annotations-2.18.2.jar:/home/matheus/.m2/repository/com/fasterxml/jackson/core/jackson-core/2.18.2/jackson-core-2.18.2.jar:/home/matheus/.m2/repository/com/fasterxml/jackson/datatype/jackson-datatype-jdk8/2.18.2/jackson-datatype-jdk8-2.18.2.jar:/home/matheus/.m2/repository/com/fasterxml/jackson/datatype/jackson-datatype-jsr310/2.18.2/jackson-datatype-jsr310-2.18.2.jar:/home/matheus/.m2/repository/com/fasterxml/jackson/module/jackson-module-parameter-names/2.18.2/jackson-module-parameter-names-2.18.2.jar:/home/matheus/.m2/repository/org/springframework/boot/spring-boot-starter-tomcat/3.4.1/spring-boot-starter-tomcat-3.4.1.jar:/home/matheus/.m2/repository/org/apache/tomcat/embed/tomcat-embed-core/10.1.34/tomcat-embed-core-10.1.34.jar:/home/matheus/.m2/repository/org/apache/tomcat/embed/tomcat-embed-websocket/10.1.34/tomcat-embed-websocket-10.1.34.jar:/home/matheus/.m2/repository/org/springframework/spring-web/6.2.1/spring-web-6.2.1.jar:/home/matheus/.m2/repository/io/micrometer/micrometer-observation/1.14.2/micrometer-observation-1.14.2.jar:/home/matheus/.m2/repository/io/micrometer/micrometer-commons/1.14.2/micrometer-commons-1.14.2.jar:/home/matheus/.m2/repository/org/springframework/spring-webmvc/6.2.1/spring-webmvc-6.2.1.jar:/home/matheus/.m2/repository/org/springframework/spring-expression/6.2.1/spring-expression-6.2.1.jar:/home/matheus/.m2/repository/com/googlecode/libphonenumber/libphonenumber/8.13.42/libphonenumber-8.13.42.jar:/home/matheus/.m2/repository/org/postgresql/postgresql/42.7.4/postgresql-42.7.4.jar:/home/matheus/.m2/repository/org/checkerframework/checker-qual/3.42.0/checker-qual-3.42.0.jar:/home/matheus/.m2/repository/org/springframework/boot/spring-boot-starter-test/3.4.1/spring-boot-starter-test-3.4.1.jar:/home/matheus/.m2/repository/org/springframework/boot/spring-boot-test/3.4.1/spring-boot-test-3.4.1.jar:/home/matheus/.m2/repository/org/springframework/boot/spring-boot-test-autoconfigure/3.4.1/spring-boot-test-autoconfigure-3.4.1.jar:/home/matheus/.m2/repository/com/jayway/jsonpath/json-path/2.9.0/json-path-2.9.0.jar:/home/matheus/.m2/repository/jakarta/xml/bind/jakarta.xml.bind-api/4.0.2/jakarta.xml.bind-api-4.0.2.jar:/home/matheus/.m2/repository/net/minidev/json-smart/2.5.1/json-smart-2.5.1.jar:/home/matheus/.m2/repository/net/minidev/accessors-smart/2.5.1/accessors-smart-2.5.1.jar:/home/matheus/.m2/repository/org/ow2/asm/asm/9.6/asm-9.6.jar:/home/matheus/.m2/repository/org/assertj/assertj-core/3.26.3/assertj-core-3.26.3.jar:/home/matheus/.m2/repository/org/awaitility/awaitility/4.2.2/awaitility-4.2.2.jar:/home/matheus/.m2/repository/org/hamcrest/hamcrest/2.2/hamcrest-2.2.jar:/home/matheus/.m2/repository/org/junit/jupiter/junit-jupiter/5.11.4/junit-jupiter-5.11.4.jar:/home/matheus/.m2/repository/org/junit/jupiter/junit-jupiter-api/5.11.4/junit-jupiter-api-5.11.4.jar:/home/matheus/.m2/repository/org/opentest4j/opentest4j/1.3.0/opentest4j-1.3.0.jar:/home/matheus/.m2/repository/org/junit/platform/junit-platform-commons/1.11.4/junit-platform-commons-1.11.4.jar:/home/matheus/.m2/repository/org/apiguardian/apiguardian-api/1.1.2/apiguardian-api-1.1.2.jar:/home/matheus/.m2/repository/org/junit/jupiter/junit-jupiter-params/5.11.4/junit-jupiter-params-5.11.4.jar:/home/matheus/.m2/repository/org/junit/jupiter/junit-jupiter-engine/5.11.4/junit-jupiter-engine-5.11.4.jar:/home/matheus/.m2/repository/org/junit/platform/junit-platform-engine/1.11.4/junit-platform-engine-1.11.4.jar:/home/matheus/.m2/repository/org/mockito/mockito-core/5.14.2/mockito-core-5.14.2.jar:/home/matheus/.m2/repository/net/bytebuddy/byte-buddy-agent/1.15.11/byte-buddy-agent-1.15.11.jar:/home/matheus/.m2/repository/org/objenesis/objenesis/3.3/objenesis-3.3.jar:/home/matheus/.m2/repository/org/mockito/mockito-junit-jupiter/5.14.2/mockito-junit-jupiter-5.14.2.jar:/home/matheus/.m2/repository/org/skyscreamer/jsonassert/1.5.3/jsonassert-1.5.3.jar:/home/matheus/.m2/repository/com/vaadin/external/google/android-json/0.0.20131108.vaadin1/android-json-0.0.20131108.vaadin1.jar:/home/matheus/.m2/repository/org/springframework/spring-core/6.2.1/spring-core-6.2.1.jar:/home/matheus/.m2/repository/org/springframework/spring-jcl/6.2.1/spring-jcl-6.2.1.jar:/home/matheus/.m2/repository/org/springframework/spring-test/6.2.1/spring-test-6.2.1.jar:/home/matheus/.m2/repository/org/xmlunit/xmlunit-core/2.10.0/xmlunit-core-2.10.0.jar:/home/matheus/.m2/repository/junit/junit/4.13.2/junit-4.13.2.jar:/home/matheus/.m2/repository/org/hamcrest/hamcrest-core/2.2/hamcrest-core-2.2.jar:/home/matheus/.m2/repository/com/h2database/h2/2.3.232/h2-2.3.232.jar:"/>
    <property name="java.vm.vendor" value="Oracle Corporation"/>
    <property name="sun.arch.data.model" value="64"/>
    <property name="java.vendor.url" value="https://java.oracle.com/"/>
    <property name="user.timezone" value="America/Fortaleza"/>
    <property name="org.jboss.logging.provider" value="slf4j"/>
    <property name="os.name" value="Linux"/>
    <property name="java.vm.specification.version" value="22"/>
    <property name="sun.java.launcher" value="SUN_STANDARD"/>
    <property name="user.country" value="BR"/>
    <property name="sun.boot.library.path" value="/usr/lib/jvm/jdk-22.0.2-oracle-x64/lib"/>
    <property name="sun.java.command" value="/home/matheus/Documentos/Java/Sesap/Cadastro-Curriculo/backend/target/surefire/surefirebooter-20250506234836881_3.jar /home/matheus/Documentos/Java/Sesap/Cadastro-Curriculo/backend/target/surefire 2025-05-06T23-48-36_284-jvmRun1 surefire-20250506234836881_1tmp surefire_0-20250506234836881_2tmp"/>
    <property name="jdk.debug" value="release"/>
    <property name="surefire.test.class.path" value="/home/matheus/Documentos/Java/Sesap/Cadastro-Curriculo/backend/target/test-classes:/home/matheus/Documentos/Java/Sesap/Cadastro-Curriculo/backend/target/classes:/home/matheus/.m2/repository/org/springframework/boot/spring-boot-starter-data-jpa/3.4.1/spring-boot-starter-data-jpa-3.4.1.jar:/home/matheus/.m2/repository/org/springframework/boot/spring-boot-starter/3.4.1/spring-boot-starter-3.4.1.jar:/home/matheus/.m2/repository/org/springframework/boot/spring-boot/3.4.1/spring-boot-3.4.1.jar:/home/matheus/.m2/repository/org/springframework/boot/spring-boot-autoconfigure/3.4.1/spring-boot-autoconfigure-3.4.1.jar:/home/matheus/.m2/repository/org/springframework/boot/spring-boot-starter-logging/3.4.1/spring-boot-starter-logging-3.4.1.jar:/home/matheus/.m2/repository/ch/qos/logback/logback-classic/1.5.12/logback-classic-1.5.12.jar:/home/matheus/.m2/repository/ch/qos/logback/logback-core/1.5.12/logback-core-1.5.12.jar:/home/matheus/.m2/repository/org/apache/logging/log4j/log4j-to-slf4j/2.24.3/log4j-to-slf4j-2.24.3.jar:/home/matheus/.m2/repository/org/apache/logging/log4j/log4j-api/2.24.3/log4j-api-2.24.3.jar:/home/matheus/.m2/repository/org/slf4j/jul-to-slf4j/2.0.16/jul-to-slf4j-2.0.16.jar:/home/matheus/.m2/repository/jakarta/annotation/jakarta.annotation-api/2.1.1/jakarta.annotation-api-2.1.1.jar:/home/matheus/.m2/repository/org/yaml/snakeyaml/2.3/snakeyaml-2.3.jar:/home/matheus/.m2/repository/org/springframework/boot/spring-boot-starter-jdbc/3.4.1/spring-boot-starter-jdbc-3.4.1.jar:/home/matheus/.m2/repository/com/zaxxer/HikariCP/5.1.0/HikariCP-5.1.0.jar:/home/matheus/.m2/repository/org/springframework/spring-jdbc/6.2.1/spring-jdbc-6.2.1.jar:/home/matheus/.m2/repository/org/hibernate/orm/hibernate-core/6.6.4.Final/hibernate-core-6.6.4.Final.jar:/home/matheus/.m2/repository/jakarta/persistence/jakarta.persistence-api/3.1.0/jakarta.persistence-api-3.1.0.jar:/home/matheus/.m2/repository/jakarta/transaction/jakarta.transaction-api/2.0.1/jakarta.transaction-api-2.0.1.jar:/home/matheus/.m2/repository/org/jboss/logging/jboss-logging/3.6.1.Final/jboss-logging-3.6.1.Final.jar:/home/matheus/.m2/repository/org/hibernate/common/hibernate-commons-annotations/7.0.3.Final/hibernate-commons-annotations-7.0.3.Final.jar:/home/matheus/.m2/repository/io/smallrye/jandex/3.2.0/jandex-3.2.0.jar:/home/matheus/.m2/repository/com/fasterxml/classmate/1.7.0/classmate-1.7.0.jar:/home/matheus/.m2/repository/net/bytebuddy/byte-buddy/1.15.11/byte-buddy-1.15.11.jar:/home/matheus/.m2/repository/org/glassfish/jaxb/jaxb-runtime/4.0.5/jaxb-runtime-4.0.5.jar:/home/matheus/.m2/repository/org/glassfish/jaxb/jaxb-core/4.0.5/jaxb-core-4.0.5.jar:/home/matheus/.m2/repository/org/glassfish/jaxb/txw2/4.0.5/txw2-4.0.5.jar:/home/matheus/.m2/repository/com/sun/istack/istack-commons-runtime/4.1.2/istack-commons-runtime-4.1.2.jar:/home/matheus/.m2/repository/jakarta/inject/jakarta.inject-api/2.0.1/jakarta.inject-api-2.0.1.jar:/home/matheus/.m2/repository/org/antlr/antlr4-runtime/4.13.0/antlr4-runtime-4.13.0.jar:/home/matheus/.m2/repository/org/springframework/data/spring-data-jpa/3.4.1/spring-data-jpa-3.4.1.jar:/home/matheus/.m2/repository/org/springframework/data/spring-data-commons/3.4.1/spring-data-commons-3.4.1.jar:/home/matheus/.m2/repository/org/springframework/spring-orm/6.2.1/spring-orm-6.2.1.jar:/home/matheus/.m2/repository/org/springframework/spring-context/6.2.1/spring-context-6.2.1.jar:/home/matheus/.m2/repository/org/springframework/spring-aop/6.2.1/spring-aop-6.2.1.jar:/home/matheus/.m2/repository/org/springframework/spring-tx/6.2.1/spring-tx-6.2.1.jar:/home/matheus/.m2/repository/org/springframework/spring-beans/6.2.1/spring-beans-6.2.1.jar:/home/matheus/.m2/repository/org/slf4j/slf4j-api/2.0.16/slf4j-api-2.0.16.jar:/home/matheus/.m2/repository/org/springframework/spring-aspects/6.2.1/spring-aspects-6.2.1.jar:/home/matheus/.m2/repository/org/aspectj/aspectjweaver/1.9.22.1/aspectjweaver-1.9.22.1.jar:/home/matheus/.m2/repository/org/springframework/boot/spring-boot-starter-mail/3.4.1/spring-boot-starter-mail-3.4.1.jar:/home/matheus/.m2/repository/org/springframework/spring-context-support/6.2.1/spring-context-support-6.2.1.jar:/home/matheus/.m2/repository/org/eclipse/angus/jakarta.mail/2.0.3/jakarta.mail-2.0.3.jar:/home/matheus/.m2/repository/jakarta/activation/jakarta.activation-api/2.1.3/jakarta.activation-api-2.1.3.jar:/home/matheus/.m2/repository/org/eclipse/angus/angus-activation/2.0.2/angus-activation-2.0.2.jar:/home/matheus/.m2/repository/org/springframework/boot/spring-boot-starter-validation/3.4.1/spring-boot-starter-validation-3.4.1.jar:/home/matheus/.m2/repository/org/apache/tomcat/embed/tomcat-embed-el/10.1.34/tomcat-embed-el-10.1.34.jar:/home/matheus/.m2/repository/org/hibernate/validator/hibernate-validator/8.0.2.Final/hibernate-validator-8.0.2.Final.jar:/home/matheus/.m2/repository/jakarta/validation/jakarta.validation-api/3.0.2/jakarta.validation-api-3.0.2.jar:/home/matheus/.m2/repository/org/springframework/boot/spring-boot-starter-web/3.4.1/spring-boot-starter-web-3.4.1.jar:/home/matheus/.m2/repository/org/springframework/boot/spring-boot-starter-json/3.4.1/spring-boot-starter-json-3.4.1.jar:/home/matheus/.m2/repository/com/fasterxml/jackson/core/jackson-databind/2.18.2/jackson-databind-2.18.2.jar:/home/matheus/.m2/repository/com/fasterxml/jackson/core/jackson-annotations/2.18.2/jackson-annotations-2.18.2.jar:/home/matheus/.m2/repository/com/fasterxml/jackson/core/jackson-core/2.18.2/jackson-core-2.18.2.jar:/home/matheus/.m2/repository/com/fasterxml/jackson/datatype/jackson-datatype-jdk8/2.18.2/jackson-datatype-jdk8-2.18.2.jar:/home/matheus/.m2/repository/com/fasterxml/jackson/datatype/jackson-datatype-jsr310/2.18.2/jackson-datatype-jsr310-2.18.2.jar:/home/matheus/.m2/repository/com/fasterxml/jackson/module/jackson-module-parameter-names/2.18.2/jackson-module-parameter-names-2.18.2.jar:/home/matheus/.m2/repository/org/springframework/boot/spring-boot-starter-tomcat/3.4.1/spring-boot-starter-tomcat-3.4.1.jar:/home/matheus/.m2/repository/org/apache/tomcat/embed/tomcat-embed-core/10.1.34/tomcat-embed-core-10.1.34.jar:/home/matheus/.m2/repository/org/apache/tomcat/embed/tomcat-embed-websocket/10.1.34/tomcat-embed-websocket-10.1.34.jar:/home/matheus/.m2/repository/org/springframework/spring-web/6.2.1/spring-web-6.2.1.jar:/home/matheus/.m2/repository/io/micrometer/micrometer-observation/1.14.2/micrometer-observation-1.14.2.jar:/home/matheus/.m2/repository/io/micrometer/micrometer-commons/1.14.2/micrometer-commons-1.14.2.jar:/home/matheus/.m2/repository/org/springframework/spring-webmvc/6.2.1/spring-webmvc-6.2.1.jar:/home/matheus/.m2/repository/org/springframework/spring-expression/6.2.1/spring-expression-6.2.1.jar:/home/matheus/.m2/repository/com/googlecode/libphonenumber/libphonenumber/8.13.42/libphonenumber-8.13.42.jar:/home/matheus/.m2/repository/org/postgresql/postgresql/42.7.4/postgresql-42.7.4.jar:/home/matheus/.m2/repository/org/checkerframework/checker-qual/3.42.0/checker-qual-3.42.0.jar:/home/matheus/.m2/repository/org/springframework/boot/spring-boot-starter-test/3.4.1/spring-boot-starter-test-3.4.1.jar:/home/matheus/.m2/repository/org/springframework/boot/spring-boot-test/3.4.1/spring-boot-test-3.4.1.jar:/home/matheus/.m2/repository/org/springframework/boot/spring-boot-test-autoconfigure/3.4.1/spring-boot-test-autoconfigure-3.4.1.jar:/home/matheus/.m2/repository/com/jayway/jsonpath/json-path/2.9.0/json-path-2.9.0.jar:/home/matheus/.m2/repository/jakarta/xml/bind/jakarta.xml.bind-api/4.0.2/jakarta.xml.bind-api-4.0.2.jar:/home/matheus/.m2/repository/net/minidev/json-smart/2.5.1/json-smart-2.5.1.jar:/home/matheus/.m2/repository/net/minidev/accessors-smart/2.5.1/accessors-smart-2.5.1.jar:/home/matheus/.m2/repository/org/ow2/asm/asm/9.6/asm-9.6.jar:/home/matheus/.m2/repository/org/assertj/assertj-core/3.26.3/assertj-core-3.26.3.jar:/home/matheus/.m2/repository/org/awaitility/awaitility/4.2.2/awaitility-4.2.2.jar:/home/matheus/.m2/repository/org/hamcrest/hamcrest/2.2/hamcrest-2.2.jar:/home/matheus/.m2/repository/org/junit/jupiter/junit-jupiter/5.11.4/junit-jupiter-5.11.4.jar:/home/matheus/.m2/repository/org/junit/jupiter/junit-jupiter-api/5.11.4/junit-jupiter-api-5.11.4.jar:/home/matheus/.m2/repository/org/opentest4j/opentest4j/1.3.0/opentest4j-1.3.0.jar:/home/matheus/.m2/repository/org/junit/platform/junit-platform-commons/1.11.4/junit-platform-commons-1.11.4.jar:/home/matheus/.m2/repository/org/apiguardian/apiguardian-api/1.1.2/apiguardian-api-1.1.2.jar:/home/matheus/.m2/repository/org/junit/jupiter/junit-jupiter-params/5.11.4/junit-jupiter-params-5.11.4.jar:/home/matheus/.m2/repository/org/junit/jupiter/junit-jupiter-engine/5.11.4/junit-jupiter-engine-5.11.4.jar:/home/matheus/.m2/repository/org/junit/platform/junit-platform-engine/1.11.4/junit-platform-engine-1.11.4.jar:/home/matheus/.m2/repository/org/mockito/mockito-core/5.14.2/mockito-core-5.14.2.jar:/home/matheus/.m2/repository/net/bytebuddy/byte-buddy-agent/1.15.11/byte-buddy-agent-1.15.11.jar:/home/matheus/.m2/repository/org/objenesis/objenesis/3.3/objenesis-3.3.jar:/home/matheus/.m2/repository/org/mockito/mockito-junit-jupiter/5.14.2/mockito-junit-jupiter-5.14.2.jar:/home/matheus/.m2/repository/org/skyscreamer/jsonassert/1.5.3/jsonassert-1.5.3.jar:/home/matheus/.m2/repository/com/vaadin/external/google/android-json/0.0.20131108.vaadin1/android-json-0.0.20131108.vaadin1.jar:/home/matheus/.m2/repository/org/springframework/spring-core/6.2.1/spring-core-6.2.1.jar:/home/matheus/.m2/repository/org/springframework/spring-jcl/6.2.1/spring-jcl-6.2.1.jar:/home/matheus/.m2/repository/org/springframework/spring-test/6.2.1/spring-test-6.2.1.jar:/home/matheus/.m2/repository/org/xmlunit/xmlunit-core/2.10.0/xmlunit-core-2.10.0.jar:/home/matheus/.m2/repository/junit/junit/4.13.2/junit-4.13.2.jar:/home/matheus/.m2/repository/org/hamcrest/hamcrest-core/2.2/hamcrest-core-2.2.jar:/home/matheus/.m2/repository/com/h2database/h2/2.3.232/h2-2.3.232.jar:"/>
    <property name="sun.cpu.endian" value="little"/>
    <property name="user.home" value="/home/matheus"/>
    <property name="user.language" value="pt"/>
    <property name="java.specification.vendor" value="Oracle Corporation"/>
    <property name="java.version.date" value="2024-07-16"/>
    <property name="java.home" value="/usr/lib/jvm/jdk-22.0.2-oracle-x64"/>
    <property name="file.separator" value="/"/>
    <property name="basedir" value="/home/matheus/Documentos/Java/Sesap/Cadastro-Curriculo/backend"/>
    <property name="java.vm.compressedOopsMode" value="32-bit"/>
    <property name="line.separator" value="&#10;"/>
    <property name="java.vm.specification.vendor" value="Oracle Corporation"/>
    <property name="java.specification.name" value="Java Platform API Specification"/>
    <property name="FILE_LOG_CHARSET" value="UTF-8"/>
    <property name="java.awt.headless" value="true"/>
    <property name="surefire.real.class.path" value="/home/matheus/Documentos/Java/Sesap/Cadastro-Curriculo/backend/target/surefire/surefirebooter-20250506234836881_3.jar"/>
    <property name="sun.management.compiler" value="HotSpot 64-Bit Tiered Compilers"/>
    <property name="java.runtime.version" value="22.0.2+9-70"/>
    <property name="user.name" value="matheus"/>
    <property name="stdout.encoding" value="UTF-8"/>
    <property name="path.separator" value=":"/>
    <property name="os.version" value="6.11.0-21-generic"/>
    <property name="java.runtime.name" value="Java(TM) SE Runtime Environment"/>
    <property name="file.encoding" value="UTF-8"/>
    <property name="java.vm.name" value="Java HotSpot(TM) 64-Bit Server VM"/>
    <property name="localRepository" value="/home/matheus/.m2/repository"/>
    <property name="java.vendor.url.bug" value="https://bugreport.java.com/bugreport/"/>
    <property name="java.io.tmpdir" value="/tmp"/>
    <property name="com.zaxxer.hikari.pool_number" value="1"/>
    <property name="java.version" value="22.0.2"/>
    <property name="user.dir" value="/home/matheus/Documentos/Java/Sesap/Cadastro-Curriculo/backend"/>
    <property name="os.arch" value="amd64"/>
    <property name="java.vm.specification.name" value="Java Virtual Machine Specification"/>
    <property name="PID" value="32250"/>
    <property name="CONSOLE_LOG_CHARSET" value="UTF-8"/>
    <property name="native.encoding" value="UTF-8"/>
    <property name="java.library.path" value="/usr/java/packages/lib:/usr/lib64:/lib64:/lib:/usr/lib"/>
    <property name="java.vm.info" value="mixed mode, sharing"/>
    <property name="stderr.encoding" value="UTF-8"/>
    <property name="java.vendor" value="Oracle Corporation"/>
    <property name="java.vm.version" value="22.0.2+9-70"/>
    <property name="sun.io.unicode.encoding" value="UnicodeLittle"/>
    <property name="java.class.version" value="66.0"/>
  </properties>
  <testcase name="escolaridadeVazia" classname="com.sesap.cadastrodecurriculos.CadastroDeCurriculosApplicationTests" time="11.96">
    <system-out><![CDATA[23:48:40.105 [main] INFO org.springframework.test.context.support.AnnotationConfigContextLoaderUtils -- Could not detect default configuration classes for test class [com.sesap.cadastrodecurriculos.CadastroDeCurriculosApplicationTests]: CadastroDeCurriculosApplicationTests does not declare any static, non-private, non-final, nested classes annotated with @Configuration.
23:48:40.763 [main] INFO org.springframework.boot.test.context.SpringBootTestContextBootstrapper -- Found @SpringBootConfiguration com.sesap.cadastrodecurriculos.CadastroDeCurriculosApplication for test class com.sesap.cadastrodecurriculos.CadastroDeCurriculosApplicationTests

  .   ____          _            __ _ _
 /\\ / ___'_ __ _ _(_)_ __  __ _ \ \ \ \
( ( )\___ | '_ | '_| | '_ \/ _` | \ \ \ \
 \\/  ___)| |_)| | | | | || (_| |  ) ) ) )
  '  |____| .__|_| |_|_| |_\__, | / / / /
 =========|_|==============|___/=/_/_/_/

 :: Spring Boot ::                (v3.4.1)

2025-05-06T23:48:43.519-03:00  INFO 32250 --- [           main] s.c.CadastroDeCurriculosApplicationTests : Starting CadastroDeCurriculosApplicationTests using Java 22.0.2 with PID 32250 (started by matheus in /home/matheus/Documentos/Java/Sesap/Cadastro-Curriculo/backend)
2025-05-06T23:48:43.525-03:00  INFO 32250 --- [           main] s.c.CadastroDeCurriculosApplicationTests : No active profile set, falling back to 1 default profile: "default"
2025-05-06T23:48:47.335-03:00  INFO 32250 --- [           main] .s.d.r.c.RepositoryConfigurationDelegate : Bootstrapping Spring Data JPA repositories in DEFAULT mode.
2025-05-06T23:48:47.487-03:00  INFO 32250 --- [           main] .s.d.r.c.RepositoryConfigurationDelegate : Finished Spring Data repository scanning in 124 ms. Found 1 JPA repository interface.
2025-05-06T23:48:49.045-03:00  INFO 32250 --- [           main] com.zaxxer.hikari.HikariDataSource       : HikariPool-1 - Starting...
2025-05-06T23:48:49.647-03:00  INFO 32250 --- [           main] com.zaxxer.hikari.pool.HikariPool        : HikariPool-1 - Added connection conn0: url=jdbc:h2:mem:testdb user=SA
2025-05-06T23:48:49.651-03:00  INFO 32250 --- [           main] com.zaxxer.hikari.HikariDataSource       : HikariPool-1 - Start completed.
2025-05-06T23:48:50.055-03:00  INFO 32250 --- [           main] o.hibernate.jpa.internal.util.LogHelper  : HHH000204: Processing PersistenceUnitInfo [name: default]
2025-05-06T23:48:51.067-03:00  INFO 32250 --- [           main] org.hibernate.Version                    : HHH000412: Hibernate ORM core version 6.6.4.Final
2025-05-06T23:48:51.258-03:00  INFO 32250 --- [           main] o.h.c.internal.RegionFactoryInitiator    : HHH000026: Second-level cache disabled
2025-05-06T23:48:52.430-03:00  INFO 32250 --- [           main] o.s.o.j.p.SpringPersistenceUnitInfo      : No LoadTimeWeaver setup: ignoring JPA class transformer
2025-05-06T23:48:52.806-03:00  INFO 32250 --- [           main] org.hibernate.orm.connections.pooling    : HHH10001005: Database info:
	Database JDBC URL [Connecting through datasource 'HikariDataSource (HikariPool-1)']
	Database driver: undefined/unknown
	Database version: 2.3.232
	Autocommit mode: undefined/unknown
	Isolation level: undefined/unknown
	Minimum pool size: undefined/unknown
	Maximum pool size: undefined/unknown
2025-05-06T23:48:56.092-03:00  INFO 32250 --- [           main] o.h.e.t.j.p.i.JtaPlatformInitiator       : HHH000489: No JTA platform available (set 'hibernate.transaction.jta.platform' to enable JTA platform integration)
2025-05-06T23:48:56.213-03:00  INFO 32250 --- [           main] j.LocalContainerEntityManagerFactoryBean : Initialized JPA EntityManagerFactory for persistence unit 'default'
2025-05-06T23:48:58.826-03:00  WARN 32250 --- [           main] JpaBaseConfiguration$JpaWebConfiguration : spring.jpa.open-in-view is enabled by default. Therefore, database queries may be performed during view rendering. Explicitly configure spring.jpa.open-in-view to disable this warning
2025-05-06T23:49:03.365-03:00  INFO 32250 --- [           main] o.s.b.t.m.w.SpringBootMockServletContext : Initializing Spring TestDispatcherServlet ''
2025-05-06T23:49:03.369-03:00  INFO 32250 --- [           main] o.s.t.web.servlet.TestDispatcherServlet  : Initializing Servlet ''
2025-05-06T23:49:03.380-03:00  INFO 32250 --- [           main] o.s.t.web.servlet.TestDispatcherServlet  : Completed initialization in 5 ms
2025-05-06T23:49:03.796-03:00  INFO 32250 --- [           main] s.c.CadastroDeCurriculosApplicationTests : Started CadastroDeCurriculosApplicationTests in 22.38 seconds (process running for 26.573)
]]></system-out>
    <system-err><![CDATA[Mockito is currently self-attaching to enable the inline-mock-maker. This will no longer work in future releases of the JDK. Please add Mockito as an agent to your build what is described in Mockito's documentation: https://javadoc.io/doc/org.mockito/mockito-core/latest/org/mockito/Mockito.html#0.3
WARNING: A Java agent has been loaded dynamically (/home/matheus/.m2/repository/net/bytebuddy/byte-buddy-agent/1.15.11/byte-buddy-agent-1.15.11.jar)
WARNING: If a serviceability tool is in use, please run with -XX:+EnableDynamicAgentLoading to hide this warning
WARNING: If a serviceability tool is not in use, please run with -Djdk.instrument.traceUsage for more information
WARNING: Dynamic loading of agents will be disallowed by default in a future release
]]></system-err>
  </testcase>
  <testcase name="telefoneDigitosAcima" classname="com.sesap.cadastrodecurriculos.CadastroDeCurriculosApplicationTests" time="0.027"/>
  <testcase name="telefoneVazio" classname="com.sesap.cadastrodecurriculos.CadastroDeCurriculosApplicationTests" time="0.024"/>
  <testcase name="cargoDesejadoVazio" classname="com.sesap.cadastrodecurriculos.CadastroDeCurriculosApplicationTests" time="0.011"/>
  <testcase name="nomeVazio" classname="com.sesap.cadastrodecurriculos.CadastroDeCurriculosApplicationTests" time="0.012"/>
  <testcase name="telefoneDigitosAbaixo" classname="com.sesap.cadastrodecurriculos.CadastroDeCurriculosApplicationTests" time="0.012"/>
  <testcase name="tipoArquivoInvalido" classname="com.sesap.cadastrodecurriculos.CadastroDeCurriculosApplicationTests" time="0.015"/>
  <testcase name="emailVazio" classname="com.sesap.cadastrodecurriculos.CadastroDeCurriculosApplicationTests" time="0.014"/>
  <testcase name="testarEnvioDocx" classname="com.sesap.cadastrodecurriculos.CadastroDeCurriculosApplicationTests" time="6.007">
    <system-out><![CDATA[2025-05-06T23:49:21.999-03:00  INFO 32250 --- [           main] c.s.c.service.EmailService               : E-mail enviado com sucesso para: Joao@example.com
2025-05-06T23:49:16.160353826
]]></system-out>
  </testcase>
  <testcase name="testarLimiteMaximo" classname="com.sesap.cadastrodecurriculos.CadastroDeCurriculosApplicationTests" time="0.053"/>
  <testcase name="testarEnvioDoc" classname="com.sesap.cadastrodecurriculos.CadastroDeCurriculosApplicationTests" time="3.833">
    <system-out><![CDATA[2025-05-06T23:49:25.901-03:00  INFO 32250 --- [           main] c.s.c.service.EmailService               : E-mail enviado com sucesso para: Joao@example.com
2025-05-06T23:49:22.092576403
]]></system-out>
  </testcase>
</testsuite>